TestingDynamicModule/feature_user3/build/intermediates/manifest_merge_blame_file/release/processReleaseMainManifest/manifest-merger-blame-release-report.txt
1<?xml version="1.0" encoding="utf-8"?>
2<manifest xmlns:android="http://schemas.android.com/apk/res/android"
3    xmlns:dist="http://schemas.android.com/apk/distribution"
4    featureSplit="feature_user3"
5    package="com.kamal.testingdynamicmodule"
6    android:versionCode="1"
7    android:versionName="1.0" >
8
9    <uses-sdk
10        android:minSdkVersion="24"
11        android:targetSdkVersion="24" />
12
13    <dist:module
13-->src\main\AndroidManifest.xml:5:5-13:19
14        dist:instant="false"
14-->src\main\AndroidManifest.xml:6:9-29
15        dist:title="@string/title_feature_user3" >
15-->src\main\AndroidManifest.xml:7:9-49
16        <dist:delivery>
16-->src\main\AndroidManifest.xml:8:9-10:25
17            <dist:on-demand />
17-->src\main\AndroidManifest.xml:9:13-31
18        </dist:delivery>
19
20        <dist:fusing dist:include="false" />
20-->src\main\AndroidManifest.xml:12:9-45
20-->src\main\AndroidManifest.xml:12:22-42
21    </dist:module>
22
23    <application android:extractNativeLibs="false" >
23-->src\main\AndroidManifest.xml:15:5-19:19
24        <activity
24-->src\main\AndroidManifest.xml:16:9-18:40
25            android:name="com.kamal.feature_user3.MainActivity"
25-->src\main\AndroidManifest.xml:17:13-41
26            android:exported="false"
26-->src\main\AndroidManifest.xml:18:13-37
27            android:splitName="feature_user3" />
28    </application>
29
30</manifest>